The system is: Windows - 10.0.19045 - AMD64
Compiling the C compiler identification source file "CMakeCCompilerId.c" succeeded.
Compiler: C:/Program Files/Microsoft Visual Studio/2022/Community/VC/Tools/MSVC/14.35.32215/bin/Hostx64/x86/cl.exe 
Build flags: 
Id flags:  

The output was:
0
Microsoft (R) C/C++ Optimizing Compiler Version 19.35.32216.1 for x86
Copyright (C) Microsoft Corporation.  All rights reserved.

CMakeCCompilerId.c
Microsoft (R) Incremental Linker Version 14.35.32216.1
Copyright (C) Microsoft Corporation.  All rights reserved.

/out:CMakeCCompilerId.exe 
CMakeCCompilerId.obj 


Compilation of the C compiler identification source "CMakeCCompilerId.c" produced "CMakeCCompilerId.exe"

Compilation of the C compiler identification source "CMakeCCompilerId.c" produced "CMakeCCompilerId.obj"

The C compiler identification is MSVC, found in "D:/Louzin_lab/SA-MP/samp-plugin-template/build/x86-debug/CMakeFiles/3.25.1-msvc1/CompilerIdC/CMakeCCompilerId.exe"

Compiling the CXX compiler identification source file "CMakeCXXCompilerId.cpp" succeeded.
Compiler: C:/Program Files/Microsoft Visual Studio/2022/Community/VC/Tools/MSVC/14.35.32215/bin/Hostx64/x86/cl.exe 
Build flags: 
Id flags:  

The output was:
0
Microsoft (R) C/C++ Optimizing Compiler Version 19.35.32216.1 for x86
Copyright (C) Microsoft Corporation.  All rights reserved.

CMakeCXXCompilerId.cpp
Microsoft (R) Incremental Linker Version 14.35.32216.1
Copyright (C) Microsoft Corporation.  All rights reserved.

/out:CMakeCXXCompilerId.exe 
CMakeCXXCompilerId.obj 


Compilation of the CXX compiler identification source "CMakeCXXCompilerId.cpp" produced "CMakeCXXCompilerId.exe"

Compilation of the CXX compiler identification source "CMakeCXXCompilerId.cpp" produced "CMakeCXXCompilerId.obj"

The CXX compiler identification is MSVC, found in "D:/Louzin_lab/SA-MP/samp-plugin-template/build/x86-debug/CMakeFiles/3.25.1-msvc1/CompilerIdCXX/CMakeCXXCompilerId.exe"

Detecting C compiler ABI info compiled with the following output:
Change Dir: D:/Louzin_lab/SA-MP/samp-plugin-template/build/x86-debug/CMakeFiles/CMakeScratch/TryCompile-38g6tv

Run Build Command(s):C:/Program Files/Microsoft Visual Studio/2022/Community/Common7/IDE/CommonExtensions/Microsoft/CMake/Ninja/ninja.exe cmTC_98945 && [1/2] Building C object CMakeFiles\cmTC_98945.dir\CMakeCCompilerABI.c.obj
[2/2] Linking C executable cmTC_98945.exe



Detecting CXX compiler ABI info compiled with the following output:
Change Dir: D:/Louzin_lab/SA-MP/samp-plugin-template/build/x86-debug/CMakeFiles/CMakeScratch/TryCompile-ggp5o6

Run Build Command(s):C:/Program Files/Microsoft Visual Studio/2022/Community/Common7/IDE/CommonExtensions/Microsoft/CMake/Ninja/ninja.exe cmTC_6c624 && [1/2] Building CXX object CMakeFiles\cmTC_6c624.dir\CMakeCXXCompilerABI.cpp.obj
[2/2] Linking CXX executable cmTC_6c624.exe



Determining if the include file inttypes.h exists passed with the following output:
Change Dir: D:/Louzin_lab/SA-MP/samp-plugin-template/build/x86-debug/CMakeFiles/CMakeScratch/TryCompile-fvk78e

Run Build Command(s):C:/Program Files/Microsoft Visual Studio/2022/Community/Common7/IDE/CommonExtensions/Microsoft/CMake/Ninja/ninja.exe cmTC_1f800 && [1/2] Building C object CMakeFiles\cmTC_1f800.dir\CheckIncludeFile.c.obj
[2/2] Linking C executable cmTC_1f800.exe



Determining if the include file malloc.h exists passed with the following output:
Change Dir: D:/Louzin_lab/SA-MP/samp-plugin-template/build/x86-debug/CMakeFiles/CMakeScratch/TryCompile-4ov0lk

Run Build Command(s):C:/Program Files/Microsoft Visual Studio/2022/Community/Common7/IDE/CommonExtensions/Microsoft/CMake/Ninja/ninja.exe cmTC_2e48f && [1/2] Building C object CMakeFiles\cmTC_2e48f.dir\CheckIncludeFile.c.obj
[2/2] Linking C executable cmTC_2e48f.exe



Determining if the include file stdint.h exists passed with the following output:
Change Dir: D:/Louzin_lab/SA-MP/samp-plugin-template/build/x86-debug/CMakeFiles/CMakeScratch/TryCompile-zn6h9r

Run Build Command(s):C:/Program Files/Microsoft Visual Studio/2022/Community/Common7/IDE/CommonExtensions/Microsoft/CMake/Ninja/ninja.exe cmTC_5fe26 && [1/2] Building C object CMakeFiles\cmTC_5fe26.dir\CheckIncludeFile.c.obj
[2/2] Linking C executable cmTC_5fe26.exe



